<?xml version="1.0" encoding="UTF-8"?>
<!-- Generated by org.testng.reporters.JUnitReportReporter -->
<testsuite hostname="LTIN186656" failures="0" tests="1" name="testCases.TestCase_004_getErrorMessage" time="9.501" errors="0" timestamp="2024-02-24T10:50:18 IST" skipped="0">
  <testcase classname="testCases.TestCase_004_getErrorMessage" name="displayErrorMessage" time="9.501"/>
  <system-out/>
</testsuite> <!-- testCases.TestCase_004_getErrorMessage -->
