<?xml version="1.0" encoding="UTF-8"?>
<!-- Generated by org.testng.reporters.JUnitReportReporter -->
<testsuite hostname="LTIN186656" failures="0" tests="8" name="studentInsurance.Insurance" time="133.346" errors="0" timestamp="2024-02-22T10:45:01 IST" skipped="0">
  <testcase classname="studentInsurance.Insurance" name="navigatetoInsurance" time="37.641"/>
  <system-out/>
  <testcase classname="studentInsurance.Insurance" name="TripDetails" time="14.529"/>
  <system-out/>
  <testcase classname="studentInsurance.Insurance" name="EnterDetails" time="24.273"/>
  <system-out/>
  <testcase classname="studentInsurance.Insurance" name="sortDetails" time="19.505"/>
  <system-out/>
  <testcase classname="studentInsurance.Insurance" name="getDetails" time="0.125"/>
  <system-out/>
  <testcase classname="studentInsurance.Insurance" name="navigateToCar" time="31.633"/>
  <system-out/>
  <testcase classname="studentInsurance.Insurance" name="getErrormsg" time="2.282"/>
  <system-out/>
  <testcase classname="studentInsurance.Insurance" name="navigateList" time="3.358"/>
  <system-out/>
</testsuite> <!-- studentInsurance.Insurance -->
