<?xml version="1.0" encoding="UTF-8"?>
<!-- Generated by org.testng.reporters.JUnitReportReporter -->
<testsuite hostname="LTIN186656" failures="0" tests="1" name="testCases.TestCase_006_GetList" time="0.970" errors="0" timestamp="2024-02-24T10:50:18 IST" skipped="0">
  <testcase classname="testCases.TestCase_006_GetList" name="DisplayList" time="0.970"/>
  <system-out/>
</testsuite> <!-- testCases.TestCase_006_GetList -->
