<?xml version="1.0" encoding="UTF-8"?>
<!-- Generated by org.testng.reporters.JUnitReportReporter -->
<testsuite hostname="LTIN186656" failures="0" tests="3" name="testCases.TestCase_003_HealthInsurance" time="2.888" errors="0" timestamp="2024-03-09T16:25:12 IST" skipped="0">
  <testcase classname="testCases.TestCase_003_HealthInsurance" name="NavigateHome" time="1.441"/>
  <system-out/>
  <testcase classname="testCases.TestCase_003_HealthInsurance" name="HealthInsurancePage" time="0.253"/>
  <system-out/>
  <testcase classname="testCases.TestCase_003_HealthInsurance" name="DisplayList" time="1.194"/>
  <system-out/>
</testsuite> <!-- testCases.TestCase_003_HealthInsurance -->
