<?xml version="1.0" encoding="UTF-8"?>
<!-- Generated by org.testng.reporters.JUnitReportReporter -->
<testsuite hostname="LTIN186656" failures="0" tests="2" name="testCases.TestCase_001_StudentInsuranceNavigation" time="37.624" errors="0" timestamp="2024-02-25T13:05:23 IST" skipped="0">
  <testcase classname="testCases.TestCase_001_StudentInsuranceNavigation" name="VerifyInsurance" time="36.378"/>
  <system-out/>
  <testcase classname="testCases.TestCase_001_StudentInsuranceNavigation" name="GetInsurancePlans" time="1.246"/>
  <system-out/>
</testsuite> <!-- testCases.TestCase_001_StudentInsuranceNavigation -->
