<?xml version="1.0" encoding="UTF-8"?>
<!-- Generated by org.testng.reporters.JUnitReportReporter -->
<testsuite hostname="LTIN186656" failures="0" tests="1" name="testCases.TestCase_003_HealthInsuranceNavigation" time="0.000" errors="0" timestamp="2024-02-22T15:04:27 IST" skipped="1">
  <testcase classname="testCases.TestCase_003_HealthInsuranceNavigation" name="VerifyHealthInsurance" time="0.000">
    <skipped/>
  </testcase> <!-- VerifyHealthInsurance -->
  <system-out/>
</testsuite> <!-- testCases.TestCase_003_HealthInsuranceNavigation -->
