<?xml version="1.0" encoding="UTF-8"?>
<!-- Generated by org.testng.reporters.JUnitReportReporter -->
<testsuite hostname="LTIN186656" failures="0" tests="7" name="testCases.TestCase_002_CarInsurance" time="34.477" errors="0" timestamp="2024-03-09T16:25:12 IST" skipped="0">
  <testcase classname="testCases.TestCase_002_CarInsurance" name="NavigatingBack" time="1.925"/>
  <system-out/>
  <testcase classname="testCases.TestCase_002_CarInsurance" name="CarInsurancePage" time="6.149"/>
  <system-out/>
  <testcase classname="testCases.TestCase_002_CarInsurance" name="CarInsurancePage2" time="2.304"/>
  <system-out/>
  <testcase classname="testCases.TestCase_002_CarInsurance" name="CarInsurancePage3" time="2.318"/>
  <system-out/>
  <testcase classname="testCases.TestCase_002_CarInsurance" name="CarInsurancePage4" time="2.330"/>
  <system-out/>
  <testcase classname="testCases.TestCase_002_CarInsurance" name="displayErrorMessage" time="2.251"/>
  <system-out/>
  <testcase classname="testCases.TestCase_002_CarInsurance" name="displayErrorMessage2" time="17.200"/>
  <system-out/>
</testsuite> <!-- testCases.TestCase_002_CarInsurance -->
