<?xml version="1.0" encoding="UTF-8"?>
<!-- Generated by org.testng.reporters.JUnitReportReporter -->
<testsuite hostname="LTIN186656" failures="0" tests="10" name="testCases.TestCase_001_StudentInsuranceNavigation" time="30.729" errors="0" timestamp="2024-03-09T16:25:12 IST" skipped="0">
  <testcase classname="testCases.TestCase_001_StudentInsuranceNavigation" name="VerifyInsurance" time="5.447"/>
  <system-out/>
  <testcase classname="testCases.TestCase_001_StudentInsuranceNavigation" name="EnterDetails1" time="3.962"/>
  <system-out/>
  <testcase classname="testCases.TestCase_001_StudentInsuranceNavigation" name="EnterDetails2" time="3.425"/>
  <system-out/>
  <testcase classname="testCases.TestCase_001_StudentInsuranceNavigation" name="EnterDetails3" time="0.715"/>
  <system-out/>
  <testcase classname="testCases.TestCase_001_StudentInsuranceNavigation" name="EnterDetails4" time="1.398"/>
  <system-out/>
  <testcase classname="testCases.TestCase_001_StudentInsuranceNavigation" name="EnterDetails5" time="4.207"/>
  <system-out/>
  <testcase classname="testCases.TestCase_001_StudentInsuranceNavigation" name="EnterDetails6" time="4.256"/>
  <system-out/>
  <testcase classname="testCases.TestCase_001_StudentInsuranceNavigation" name="EnterDetails7" time="2.254"/>
  <system-out/>
  <testcase classname="testCases.TestCase_001_StudentInsuranceNavigation" name="EnterDetails8" time="4.237"/>
  <system-out/>
  <testcase classname="testCases.TestCase_001_StudentInsuranceNavigation" name="InsurancePlans" time="0.828"/>
  <system-out/>
</testsuite> <!-- testCases.TestCase_001_StudentInsuranceNavigation -->
