<?xml version="1.0" encoding="UTF-8"?>
<!-- Generated by org.testng.reporters.JUnitReportReporter -->
<testsuite hostname="LTIN186656" failures="0" tests="7" name="testCases.TestCase_002_CarInsurance" time="107.526" errors="0" timestamp="2024-02-26T15:31:15 IST" skipped="0">
  <testcase classname="testCases.TestCase_002_CarInsurance" name="NavigatingBack" time="39.904"/>
  <system-out/>
  <testcase classname="testCases.TestCase_002_CarInsurance" name="CarInsurancePage" time="46.216"/>
  <system-out/>
  <testcase classname="testCases.TestCase_002_CarInsurance" name="CarInsurancePage2" time="4.164"/>
  <system-out/>
  <testcase classname="testCases.TestCase_002_CarInsurance" name="CarInsurancePage3" time="4.216"/>
  <system-out/>
  <testcase classname="testCases.TestCase_002_CarInsurance" name="CarInsurancePage4" time="4.213"/>
  <system-out/>
  <testcase classname="testCases.TestCase_002_CarInsurance" name="displayErrorMessage" time="4.239"/>
  <system-out/>
  <testcase classname="testCases.TestCase_002_CarInsurance" name="displayErrorMessage2" time="4.574"/>
  <system-out/>
</testsuite> <!-- testCases.TestCase_002_CarInsurance -->
