<?xml version="1.0" encoding="UTF-8"?>
<!-- Generated by org.testng.reporters.JUnitReportReporter -->
<testsuite hostname="LTIN186656" failures="0" tests="3" name="testCases.TestCase_002_CarInsurance" time="38.961" errors="0" timestamp="2024-02-25T13:05:23 IST" skipped="0">
  <testcase classname="testCases.TestCase_002_CarInsurance" name="NavigatingBack" time="6.596"/>
  <system-out/>
  <testcase classname="testCases.TestCase_002_CarInsurance" name="CarInsurancePage" time="23.737"/>
  <system-out/>
  <testcase classname="testCases.TestCase_002_CarInsurance" name="displayErrorMessage" time="8.628"/>
  <system-out/>
</testsuite> <!-- testCases.TestCase_002_CarInsurance -->
