<?xml version="1.0" encoding="UTF-8"?>
<!-- Generated by org.testng.reporters.JUnitReportReporter -->
<testsuite hostname="LTIN186656" failures="0" tests="10" name="testCases.TestCase_001_StudentInsuranceNavigation" time="67.335" errors="0" timestamp="2024-02-26T15:31:15 IST" skipped="0">
  <testcase classname="testCases.TestCase_001_StudentInsuranceNavigation" name="VerifyInsurance" time="41.232"/>
  <system-out/>
  <testcase classname="testCases.TestCase_001_StudentInsuranceNavigation" name="EnterDetails1" time="1.841"/>
  <system-out/>
  <testcase classname="testCases.TestCase_001_StudentInsuranceNavigation" name="EnterDetails2" time="8.597"/>
  <system-out/>
  <testcase classname="testCases.TestCase_001_StudentInsuranceNavigation" name="EnterDetails3" time="0.488"/>
  <system-out/>
  <testcase classname="testCases.TestCase_001_StudentInsuranceNavigation" name="EnterDetails4" time="1.133"/>
  <system-out/>
  <testcase classname="testCases.TestCase_001_StudentInsuranceNavigation" name="EnterDetails5" time="3.687"/>
  <system-out/>
  <testcase classname="testCases.TestCase_001_StudentInsuranceNavigation" name="EnterDetails6" time="4.065"/>
  <system-out/>
  <testcase classname="testCases.TestCase_001_StudentInsuranceNavigation" name="EnterDetails7" time="0.247"/>
  <system-out/>
  <testcase classname="testCases.TestCase_001_StudentInsuranceNavigation" name="EnterDetails8" time="4.133"/>
  <system-out/>
  <testcase classname="testCases.TestCase_001_StudentInsuranceNavigation" name="InsurancePlans" time="1.912"/>
  <system-out/>
</testsuite> <!-- testCases.TestCase_001_StudentInsuranceNavigation -->
