<?xml version="1.0" encoding="UTF-8"?>
<!-- Generated by org.testng.reporters.JUnitReportReporter -->
<testsuite hostname="LTIN186656" failures="0" tests="3" name="testCases.TestCase_003_HealthInsurance" time="41.054" errors="0" timestamp="2024-02-26T15:31:15 IST" skipped="0">
  <testcase classname="testCases.TestCase_003_HealthInsurance" name="NavigateHome" time="39.786"/>
  <system-out/>
  <testcase classname="testCases.TestCase_003_HealthInsurance" name="HealthInsurancePage" time="0.077"/>
  <system-out/>
  <testcase classname="testCases.TestCase_003_HealthInsurance" name="DisplayList" time="1.191"/>
  <system-out/>
</testsuite> <!-- testCases.TestCase_003_HealthInsurance -->
