<?xml version="1.0" encoding="UTF-8"?>
<!-- Generated by org.testng.reporters.JUnitReportReporter -->
<testsuite hostname="LTIN186656" failures="0" tests="8" name="Insurance" time="100.654" errors="0" timestamp="2024-02-24T02:25:15 IST" skipped="0">
  <testcase classname="Insurance" name="navigatetoInsurance" time="10.627"/>
  <system-out/>
  <testcase classname="Insurance" name="TripDetails" time="18.450"/>
  <system-out/>
  <testcase classname="Insurance" name="EnterDetails" time="24.392"/>
  <system-out/>
  <testcase classname="Insurance" name="sortDetails" time="19.488"/>
  <system-out/>
  <testcase classname="Insurance" name="getDetails" time="0.173"/>
  <system-out/>
  <testcase classname="Insurance" name="navigateToCar" time="22.148"/>
  <system-out/>
  <testcase classname="Insurance" name="getErrormsg" time="2.305"/>
  <system-out/>
  <testcase classname="Insurance" name="navigateList" time="3.071"/>
  <system-out/>
</testsuite> <!-- Insurance -->
