<?xml version="1.0" encoding="UTF-8"?>
<!-- Generated by org.testng.reporters.JUnitReportReporter -->
<testsuite hostname="LTIN186656" failures="0" tests="1" name="testCases.TestCase_005_HealthInsurance" time="1.064" errors="0" timestamp="2024-02-24T10:50:18 IST" skipped="0">
  <testcase classname="testCases.TestCase_005_HealthInsurance" name="HealthInsurancePage" time="1.064"/>
  <system-out/>
</testsuite> <!-- testCases.TestCase_005_HealthInsurance -->
