<?xml version="1.0" encoding="UTF-8"?>
<!-- Generated by org.testng.reporters.JUnitReportReporter -->
<testsuite hostname="LTIN186656" failures="0" tests="1" name="testCases.TestCase_003_CarInsurance" time="24.564" errors="0" timestamp="2024-02-24T10:50:18 IST" skipped="0">
  <testcase classname="testCases.TestCase_003_CarInsurance" name="CarInsurancePage" time="24.564"/>
  <system-out/>
</testsuite> <!-- testCases.TestCase_003_CarInsurance -->
