<?xml version="1.0" encoding="UTF-8"?>
<!-- Generated by org.testng.reporters.JUnitReportReporter -->
<testsuite hostname="LTIN186656" failures="0" tests="2" name="testCases.TestCase_001_StudentInsuranceNavigation" time="33.057" errors="0" timestamp="2024-02-25T22:06:51 IST" skipped="0">
  <testcase classname="testCases.TestCase_001_StudentInsuranceNavigation" name="VerifyInsurance" time="31.887"/>
  <testcase classname="testCases.TestCase_001_StudentInsuranceNavigation" name="GetInsurancePlans" time="1.170"/>
</testsuite> <!-- testCases.TestCase_001_StudentInsuranceNavigation -->
