<?xml version="1.0" encoding="UTF-8"?>
<!-- Generated by org.testng.reporters.JUnitReportReporter -->
<testsuite hostname="LTIN186656" failures="0" tests="3" name="testCases.TestCase_002_CarInsurance" time="32.997" errors="0" timestamp="2024-02-25T22:06:51 IST" skipped="0">
  <testcase classname="testCases.TestCase_002_CarInsurance" name="NavigatingBack" time="2.244"/>
  <testcase classname="testCases.TestCase_002_CarInsurance" name="CarInsurancePage" time="22.074"/>
  <testcase classname="testCases.TestCase_002_CarInsurance" name="displayErrorMessage" time="8.679"/>
</testsuite> <!-- testCases.TestCase_002_CarInsurance -->
