<?xml version="1.0" encoding="UTF-8"?>
<!-- Generated by org.testng.reporters.JUnitReportReporter -->
<testsuite hostname="LTIN186656" failures="0" tests="3" name="testCases.TestCase_003_HealthInsurance" time="2.304" errors="0" timestamp="2024-02-25T22:06:51 IST" skipped="0">
  <testcase classname="testCases.TestCase_003_HealthInsurance" name="NavigateHome" time="1.723"/>
  <testcase classname="testCases.TestCase_003_HealthInsurance" name="HealthInsurancePage" time="0.102"/>
  <testcase classname="testCases.TestCase_003_HealthInsurance" name="DisplayList" time="0.479"/>
</testsuite> <!-- testCases.TestCase_003_HealthInsurance -->
