<?xml version="1.0" encoding="UTF-8"?>
<!-- Generated by org.testng.reporters.JUnitReportReporter -->
<testsuite hostname="LTIN186656" failures="0" tests="7" name="testCases.TestCase_002_CarInsurance" time="41.016" errors="0" timestamp="2024-03-09T16:34:08 IST" skipped="0">
  <testcase classname="testCases.TestCase_002_CarInsurance" name="NavigatingBack" time="2.754"/>
  <testcase classname="testCases.TestCase_002_CarInsurance" name="CarInsurancePage" time="7.027"/>
  <testcase classname="testCases.TestCase_002_CarInsurance" name="CarInsurancePage2" time="2.488"/>
  <testcase classname="testCases.TestCase_002_CarInsurance" name="CarInsurancePage3" time="2.932"/>
  <testcase classname="testCases.TestCase_002_CarInsurance" name="CarInsurancePage4" time="2.890"/>
  <testcase classname="testCases.TestCase_002_CarInsurance" name="displayErrorMessage" time="2.604"/>
  <testcase classname="testCases.TestCase_002_CarInsurance" name="displayErrorMessage2" time="20.321"/>
</testsuite> <!-- testCases.TestCase_002_CarInsurance -->
