<?xml version="1.0" encoding="UTF-8"?>
<!-- Generated by org.testng.reporters.JUnitReportReporter -->
<testsuite hostname="LTIN186656" failures="0" tests="3" name="testCases.TestCase_003_HealthInsurance" time="2.589" errors="0" timestamp="2024-02-25T21:34:24 IST" skipped="0">
  <testcase classname="testCases.TestCase_003_HealthInsurance" name="NavigateHome" time="2.110"/>
  <testcase classname="testCases.TestCase_003_HealthInsurance" name="HealthInsurancePage" time="0.088"/>
  <testcase classname="testCases.TestCase_003_HealthInsurance" name="DisplayList" time="0.391"/>
</testsuite> <!-- testCases.TestCase_003_HealthInsurance -->
