<?xml version="1.0" encoding="UTF-8"?>
<!-- Generated by org.testng.reporters.JUnitReportReporter -->
<testsuite hostname="LTIN186656" failures="0" tests="2" name="testCases.TestCase_001_StudentInsuranceNavigation" time="36.653" errors="0" timestamp="2024-02-25T21:34:24 IST" skipped="0">
  <testcase classname="testCases.TestCase_001_StudentInsuranceNavigation" name="VerifyInsurance" time="35.481"/>
  <testcase classname="testCases.TestCase_001_StudentInsuranceNavigation" name="GetInsurancePlans" time="1.172"/>
</testsuite> <!-- testCases.TestCase_001_StudentInsuranceNavigation -->
