<?xml version="1.0" encoding="UTF-8"?>
<!-- Generated by org.testng.reporters.JUnitReportReporter -->
<testsuite hostname="LTIN186656" failures="0" tests="3" name="testCases.TestCase_003_HealthInsurance" time="4.840" errors="0" timestamp="2024-03-09T16:34:08 IST" skipped="0">
  <testcase classname="testCases.TestCase_003_HealthInsurance" name="NavigateHome" time="2.915"/>
  <testcase classname="testCases.TestCase_003_HealthInsurance" name="HealthInsurancePage" time="0.232"/>
  <testcase classname="testCases.TestCase_003_HealthInsurance" name="DisplayList" time="1.693"/>
</testsuite> <!-- testCases.TestCase_003_HealthInsurance -->
