<?xml version="1.0" encoding="UTF-8"?>
<!-- Generated by org.testng.reporters.JUnitReportReporter -->
<testsuite hostname="LTIN186656" failures="0" tests="3" name="testCases.TestCase_002_CarInsurance" time="32.235" errors="0" timestamp="2024-02-25T21:34:24 IST" skipped="0">
  <testcase classname="testCases.TestCase_002_CarInsurance" name="NavigatingBack" time="1.678"/>
  <testcase classname="testCases.TestCase_002_CarInsurance" name="CarInsurancePage" time="21.980"/>
  <testcase classname="testCases.TestCase_002_CarInsurance" name="displayErrorMessage" time="8.577"/>
</testsuite> <!-- testCases.TestCase_002_CarInsurance -->
