<?xml version="1.0" encoding="UTF-8"?>
<!-- Generated by org.testng.reporters.JUnitReportReporter -->
<testsuite hostname="LTIN186656" failures="0" tests="7" name="testCases.TestCase_002_CarInsurance" time="107.177" errors="0" timestamp="2024-02-26T14:26:26 IST" skipped="0">
  <testcase classname="testCases.TestCase_002_CarInsurance" name="NavigatingBack" time="39.801"/>
  <testcase classname="testCases.TestCase_002_CarInsurance" name="CarInsurancePage" time="45.882"/>
  <testcase classname="testCases.TestCase_002_CarInsurance" name="CarInsurancePage2" time="4.177"/>
  <testcase classname="testCases.TestCase_002_CarInsurance" name="CarInsurancePage3" time="4.202"/>
  <testcase classname="testCases.TestCase_002_CarInsurance" name="CarInsurancePage4" time="4.251"/>
  <testcase classname="testCases.TestCase_002_CarInsurance" name="displayErrorMessage" time="4.240"/>
  <testcase classname="testCases.TestCase_002_CarInsurance" name="displayErrorMessage2" time="4.624"/>
</testsuite> <!-- testCases.TestCase_002_CarInsurance -->
