<?xml version="1.0" encoding="UTF-8"?>
<!-- Generated by org.testng.reporters.JUnitReportReporter -->
<testsuite hostname="LTIN186656" failures="0" tests="10" name="testCases.TestCase_001_StudentInsuranceNavigation" time="39.107" errors="0" timestamp="2024-03-09T16:34:08 IST" skipped="0">
  <testcase classname="testCases.TestCase_001_StudentInsuranceNavigation" name="VerifyInsurance" time="7.594"/>
  <testcase classname="testCases.TestCase_001_StudentInsuranceNavigation" name="EnterDetails1" time="5.468"/>
  <testcase classname="testCases.TestCase_001_StudentInsuranceNavigation" name="EnterDetails2" time="3.628"/>
  <testcase classname="testCases.TestCase_001_StudentInsuranceNavigation" name="EnterDetails3" time="1.831"/>
  <testcase classname="testCases.TestCase_001_StudentInsuranceNavigation" name="EnterDetails4" time="2.002"/>
  <testcase classname="testCases.TestCase_001_StudentInsuranceNavigation" name="EnterDetails5" time="5.884"/>
  <testcase classname="testCases.TestCase_001_StudentInsuranceNavigation" name="EnterDetails6" time="4.440"/>
  <testcase classname="testCases.TestCase_001_StudentInsuranceNavigation" name="EnterDetails7" time="2.467"/>
  <testcase classname="testCases.TestCase_001_StudentInsuranceNavigation" name="EnterDetails8" time="4.422"/>
  <testcase classname="testCases.TestCase_001_StudentInsuranceNavigation" name="InsurancePlans" time="1.371"/>
</testsuite> <!-- testCases.TestCase_001_StudentInsuranceNavigation -->
